<?xml version="1.0" encoding="UTF-8"?>
<!-- Generated by org.testng.reporters.JUnitReportReporter -->
<testsuite hostname="VAIO" failures="0" tests="1" name="com.validationOfScripts.ValidateDynamicResponse" time="6.988" errors="0" timestamp="2021-11-11T15:33:33 IST" skipped="0">
  <testcase classname="com.validationOfScripts.ValidateDynamicResponse" name="validate" time="6.988"/>
  <system-out/>
</testsuite> <!-- com.validationOfScripts.ValidateDynamicResponse -->
