<?xml version="1.0" encoding="UTF-8"?>
<!-- Generated by org.testng.reporters.JUnitReportReporter -->
<testsuite hostname="VAIO" failures="0" tests="1" name="com.PostByDiffMethods.ByPojoLibrary" time="7.072" errors="0" timestamp="2021-11-11T13:08:04 IST" skipped="0">
  <testcase classname="com.PostByDiffMethods.ByPojoLibrary" name="create" time="7.072"/>
  <system-out/>
</testsuite> <!-- com.PostByDiffMethods.ByPojoLibrary -->
