<?xml version="1.0" encoding="UTF-8"?>
<!-- Generated by org.testng.reporters.JUnitReportReporter -->
<testsuite hostname="VAIO" failures="0" tests="1" name="com.RMGYantraProject.CreateProjectWithCompletedStatus" time="6.230" errors="0" timestamp="2021-11-12T18:03:31 IST" skipped="0">
  <testcase classname="com.RMGYantraProject.CreateProjectWithCompletedStatus" name="CreateProjectWithCompletedStatusTest" time="6.230"/>
  <system-out/>
</testsuite> <!-- com.RMGYantraProject.CreateProjectWithCompletedStatus -->
