<?xml version="1.0" encoding="UTF-8"?>
<!-- Generated by org.testng.reporters.JUnitReportReporter -->
<testsuite hostname="VAIO" failures="0" tests="1" name="com.PostByDiffMethods.ByHashmap" time="7.055" errors="0" timestamp="2021-11-11T12:58:53 IST" skipped="0">
  <testcase classname="com.PostByDiffMethods.ByHashmap" name="create" time="7.055"/>
  <system-out/>
</testsuite> <!-- com.PostByDiffMethods.ByHashmap -->
