<?xml version="1.0" encoding="UTF-8"?>
<!-- Generated by org.testng.reporters.JUnitReportReporter -->
<testsuite hostname="VAIO" failures="0" tests="1" name="com.Parameters.Github" time="6.766" errors="0" timestamp="2021-11-11T16:57:11 IST" skipped="0">
  <testcase classname="com.Parameters.Github" name="github" time="6.766"/>
  <system-out/>
</testsuite> <!-- com.Parameters.Github -->
