<?xml version="1.0" encoding="UTF-8"?>
<!-- Generated by org.testng.reporters.JUnitReportReporter -->
<testsuite hostname="VAIO" failures="0" tests="1" name="crudProjects.CompleteUpdate" time="6.983" errors="0" timestamp="2021-11-11T07:30:38 IST" skipped="0">
  <testcase classname="crudProjects.CompleteUpdate" name="update" time="6.983"/>
  <system-out/>
</testsuite> <!-- crudProjects.CompleteUpdate -->
