<?xml version="1.0" encoding="UTF-8"?>
<!-- Generated by org.testng.reporters.JUnitReportReporter -->
<testsuite hostname="VAIO" failures="0" tests="1" name="com.PostByDiffMethods.ByJsonFile" time="5.867" errors="0" timestamp="2021-11-11T12:49:14 IST" skipped="0">
  <testcase classname="com.PostByDiffMethods.ByJsonFile" name="JsonFile" time="5.867"/>
  <system-out/>
</testsuite> <!-- com.PostByDiffMethods.ByJsonFile -->
