<?xml version="1.0" encoding="UTF-8"?>
<!-- Generated by org.testng.reporters.JUnitReportReporter -->
<testsuite hostname="VAIO" failures="0" tests="1" name="com.validationOfScripts.ValidateStaticResponse" time="7.003" errors="0" timestamp="2021-11-11T15:34:57 IST" skipped="0">
  <testcase classname="com.validationOfScripts.ValidateStaticResponse" name="responseValidate" time="7.003"/>
  <system-out/>
</testsuite> <!-- com.validationOfScripts.ValidateStaticResponse -->
