<?xml version="1.0" encoding="UTF-8"?>
<!-- Generated by org.testng.reporters.JUnitReportReporter -->
<testsuite hostname="VAIO" failures="0" tests="2" name="com.validationOfScripts.MultipleDataInSamePost" time="7.022" errors="0" timestamp="2021-11-11T15:41:11 IST" skipped="0">
  <testcase classname="com.validationOfScripts.MultipleDataInSamePost" name="multiple" time="6.902"/>
  <system-out/>
  <testcase classname="com.validationOfScripts.MultipleDataInSamePost" name="multiple" time="0.120"/>
  <system-out/>
</testsuite> <!-- com.validationOfScripts.MultipleDataInSamePost -->
