<?xml version="1.0" encoding="UTF-8"?>
<!-- Generated by org.testng.reporters.JUnitReportReporter -->
<testsuite hostname="VAIO" failures="0" tests="1" name="com.RMGYantraProject.AddProjectwithCompletedStatus" time="0.020" errors="0" timestamp="2021-11-12T13:12:44 IST" skipped="0">
  <testcase classname="com.RMGYantraProject.AddProjectwithCompletedStatus" name="AddProjectwithCompletedStatusTest" time="0.020"/>
  <system-out/>
</testsuite> <!-- com.RMGYantraProject.AddProjectwithCompletedStatus -->
