<?xml version="1.0" encoding="UTF-8"?>
<!-- Generated by org.testng.reporters.JUnitReportReporter -->
<testsuite hostname="VAIO" failures="0" tests="1" name="com.CrudOperationsByBDD.GetAllProjects" time="6.188" errors="0" timestamp="2021-11-11T16:41:12 IST" skipped="0">
  <testcase classname="com.CrudOperationsByBDD.GetAllProjects" name="getProjects" time="6.188"/>
  <system-out/>
</testsuite> <!-- com.CrudOperationsByBDD.GetAllProjects -->
