<?xml version="1.0" encoding="UTF-8"?>
<!-- Generated by org.testng.reporters.JUnitReportReporter -->
<testsuite hostname="VAIO" failures="0" tests="1" name="com.CrudOperationsByBDD.CreateProject" time="7.059" errors="0" timestamp="2021-11-11T11:40:14 IST" skipped="0">
  <testcase classname="com.CrudOperationsByBDD.CreateProject" name="create" time="7.059"/>
  <system-out/>
</testsuite> <!-- com.CrudOperationsByBDD.CreateProject -->
