<?xml version="1.0" encoding="UTF-8"?>
<!-- Generated by org.testng.reporters.JUnitReportReporter -->
<testsuite hostname="VAIO" failures="0" tests="1" name="com.CrudOperationsByBDD.DeleteProject" time="5.797" errors="0" timestamp="2021-11-11T11:50:29 IST" skipped="0">
  <testcase classname="com.CrudOperationsByBDD.DeleteProject" name="delete" time="5.797"/>
  <system-out/>
</testsuite> <!-- com.CrudOperationsByBDD.DeleteProject -->
