<?xml version="1.0" encoding="UTF-8"?>
<!-- Generated by org.testng.reporters.JUnitReportReporter -->
<testsuite hostname="VAIO" failures="0" tests="1" name="crudProjects.DeleteResponse" time="5.890" errors="0" timestamp="2021-11-11T07:31:36 IST" skipped="0">
  <testcase classname="crudProjects.DeleteResponse" name="delete" time="5.890"/>
  <system-out/>
</testsuite> <!-- crudProjects.DeleteResponse -->
