<?xml version="1.0" encoding="UTF-8"?>
<!-- Generated by org.testng.reporters.JUnitReportReporter -->
<testsuite hostname="VAIO" failures="0" tests="1" name="com.Parameters.QuerryParameter" time="7.472" errors="0" timestamp="2021-11-11T16:51:20 IST" skipped="0">
  <testcase classname="com.Parameters.QuerryParameter" name="querry" time="7.472"/>
  <system-out/>
</testsuite> <!-- com.Parameters.QuerryParameter -->
