<?xml version="1.0" encoding="UTF-8"?>
<!-- Generated by org.testng.reporters.JUnitReportReporter -->
<testsuite hostname="VAIO" failures="0" tests="1" name="com.Parameters.PathParameter" time="5.830" errors="0" timestamp="2021-11-11T16:47:10 IST" skipped="0">
  <testcase classname="com.Parameters.PathParameter" name="path" time="5.830"/>
  <system-out/>
</testsuite> <!-- com.Parameters.PathParameter -->
