<?xml version="1.0" encoding="UTF-8"?>
<!-- Generated by org.testng.reporters.JUnitReportReporter -->
<testsuite hostname="VAIO" failures="0" tests="1" name="crudProjects.GetAllProjects" time="5.938" errors="0" timestamp="2021-11-10T18:19:48 IST" skipped="0">
  <testcase classname="crudProjects.GetAllProjects" name="listResource" time="5.938"/>
  <system-out/>
</testsuite> <!-- crudProjects.GetAllProjects -->
