<?xml version="1.0" encoding="UTF-8"?>
<!-- Generated by org.testng.reporters.JUnitReportReporter -->
<testsuite hostname="VAIO" failures="0" tests="1" name="com.CrudOperationsByBDD.CompleteUpdate" time="6.488" errors="0" timestamp="2021-11-11T11:46:40 IST" skipped="0">
  <testcase classname="com.CrudOperationsByBDD.CompleteUpdate" name="update" time="6.488"/>
  <system-out/>
</testsuite> <!-- com.CrudOperationsByBDD.CompleteUpdate -->
