<?xml version="1.0" encoding="UTF-8"?>
<!-- Generated by org.testng.reporters.JUnitReportReporter -->
<testsuite hostname="VAIO" failures="0" tests="1" name="crudProjects.CreateResource" time="17.097" errors="0" timestamp="2021-11-11T07:24:48 IST" skipped="0">
  <testcase classname="crudProjects.CreateResource" name="create" time="17.097"/>
  <system-out/>
</testsuite> <!-- crudProjects.CreateResource -->
