<?xml version="1.0" encoding="UTF-8"?>
<!-- Generated by org.testng.reporters.JUnitReportReporter -->
<testsuite hostname="VAIO" failures="0" tests="1" name="com.RMGYantraProject.E2EScenario" time="0.504" errors="0" timestamp="2021-11-12T18:03:31 IST" skipped="0">
  <testcase classname="com.RMGYantraProject.E2EScenario" name="E2EScenarioTest" time="0.504"/>
  <system-out/>
</testsuite> <!-- com.RMGYantraProject.E2EScenario -->
